Semilla: 25
Tolerancia relativa: 0.002

Trafico/s promediado/s en a:
Probabilidad de bloqueo estimada: 0.0821584
	Confidence interval 1: (0.0820037,0.0823131) with coverage: 0.95
	Confidence interval 2: (0.0819941,0.0823227) with coverage: 0.961937
	Number of samples: 78643200
	Variance: 0.0754084
	Standard deviation: 0.274606
	Maximum sample: 1
	Minimum sample: 0

Trafico/s promediado/s en b:
Probabilidad de bloqueo estimada: 0.156102
	Confidence interval 1: (0.155845,0.156359) with coverage: 0.95
	Confidence interval 2: (0.15579,0.156414) with coverage: 0.981346
	Number of samples: 39315486
	Variance: 0.131734
	Standard deviation: 0.362952
	Maximum sample: 1
	Minimum sample: 0

