Semilla: 25
Tolerancia relativa: 0.0070418

Trafico/s promediado/s en a:
Probabilidad de bloqueo estimada: 0.143536
	Confidence interval 1: (0.142588,0.144483) with coverage: 0.95
	Confidence interval 2: (0.142525,0.144546) with coverage: 0.962734
	Number of samples: 3177513
	Variance: 0.122933
	Standard deviation: 0.350618
	Maximum sample: 1
	Minimum sample: 0

Trafico/s promediado/s en b:
Probabilidad de bloqueo estimada: 0.187922
	Confidence interval 1: (0.18678,0.189065) with coverage: 0.95
	Confidence interval 2: (0.186599,0.189245) with coverage: 0.975621
	Number of samples: 1590483
	Variance: 0.152608
	Standard deviation: 0.39065
	Maximum sample: 1
	Minimum sample: 0

