Semilla: 25
Tolerancia relativa: 0.0209735

Trafico/s promediado/s en a:
Probabilidad de bloqueo estimada: 0.0425687
	Confidence interval 1: (0.0417025,0.0434348) with coverage: 0.95
	Confidence interval 2: (0.0416758,0.0434615) with coverage: 0.956489
	Number of samples: 2422745
	Variance: 0.0407566
	Standard deviation: 0.201883
	Maximum sample: 1
	Minimum sample: 0

Trafico/s promediado/s en b:
Probabilidad de bloqueo estimada: 0.0557153
	Confidence interval 1: (0.0545432,0.0568873) with coverage: 0.95
	Confidence interval 2: (0.0545467,0.0568838) with coverage: 0.950048
	Number of samples: 1213707
	Variance: 0.0526111
	Standard deviation: 0.229371
	Maximum sample: 1
	Minimum sample: 0

