Semilla: 25
Tolerancia relativa: 0.0028393

Trafico/s promediado/s en a:
Probabilidad de bloqueo estimada: 0.221215
	Confidence interval 1: (0.220622,0.221807) with coverage: 0.95
	Confidence interval 2: (0.220587,0.221843) with coverage: 0.961597
	Number of samples: 4915200
	Variance: 0.172279
	Standard deviation: 0.415065
	Maximum sample: 1
	Minimum sample: 0

Trafico/s promediado/s en b:
Probabilidad de bloqueo estimada: 0.391346
	Confidence interval 1: (0.390467,0.392224) with coverage: 0.95
	Confidence interval 2: (0.390235,0.392457) with coverage: 0.985334
	Number of samples: 2457316
	Variance: 0.238194
	Standard deviation: 0.488052
	Maximum sample: 1
	Minimum sample: 0

