Semilla: 25
Tolerancia relativa: 0.0180545

Trafico/s promediado/s en a:
Probabilidad de bloqueo estimada: 0.0376477
	Confidence interval 1: (0.0370499,0.0382455) with coverage: 0.95
	Confidence interval 2: (0.036968,0.0383274) with coverage: 0.972547
	Number of samples: 1547530
	Variance: 0.0362304
	Standard deviation: 0.190343
	Maximum sample: 1
	Minimum sample: 0

Trafico/s promediado/s en b:
Probabilidad de bloqueo estimada: 0.0734046
	Confidence interval 1: (0.0722003,0.0746088) with coverage: 0.95
	Confidence interval 2: (0.0720793,0.0747298) with coverage: 0.967743
	Number of samples: 775633
	Variance: 0.0680164
	Standard deviation: 0.2608
	Maximum sample: 1
	Minimum sample: 0

