Semilla: 25
Tolerancia relativa: 1

Trafico/s promediado/s en a:
Probabilidad de bloqueo estimada: 8.40838e-06
	Confidence interval 1: (3.13706e-06,1.36797e-05) with coverage: 0.95
	Confidence interval 2: (0,1.68168e-05) with coverage: 0.999733
	Number of samples: 2497509
	Variance: 8.40831e-06
	Standard deviation: 0.00289971
	Maximum sample: 1
	Minimum sample: 0

Trafico/s promediado/s en b:
Probabilidad de bloqueo estimada: 9.59688e-06
	Confidence interval 1: (1.86518e-06,1.73286e-05) with coverage: 0.95
	Confidence interval 2: (0,1.91938e-05) with coverage: 0.960348
	Number of samples: 1250407
	Variance: 9.59679e-06
	Standard deviation: 0.00309787
	Maximum sample: 1
	Minimum sample: 0

