Semilla: 25
Tolerancia relativa: 1

Trafico/s promediado/s en a:
Probabilidad de bloqueo estimada: 7.3668e-05
	Confidence interval 1: (2.22903e-05,0.000125046) with coverage: 0.95
	Confidence interval 2: (0,0.000147336) with coverage: 0.997797
	Number of samples: 257914
	Variance: 7.36628e-05
	Standard deviation: 0.00858271
	Maximum sample: 1
	Minimum sample: 0

Trafico/s promediado/s en b:
Probabilidad de bloqueo estimada: 0.000147263
	Confidence interval 1: (3.66875e-05,0.000257838) with coverage: 0.95
	Confidence interval 2: (0,0.000294526) with coverage: 0.994595
	Number of samples: 129021
	Variance: 0.000147242
	Standard deviation: 0.0121343
	Maximum sample: 1
	Minimum sample: 0

