Semilla: 25
Tolerancia relativa: 1

Trafico/s promediado/s en a:
Probabilidad de bloqueo estimada: 1.86501e-07
	Confidence interval 1: (-2.65239e-09,3.75655e-07) with coverage: 0.95
	Confidence interval 2: (0,3.73003e-07) with coverage: 0.951657
	Number of samples: 48257016
	Variance: 1.86501e-07
	Standard deviation: 0.000431858
	Maximum sample: 1
	Minimum sample: 0

Trafico/s promediado/s en b:
Probabilidad de bloqueo estimada: 4.55935e-07
	Confidence interval 1: (4.88187e-08,8.63051e-07) with coverage: 0.95
	Confidence interval 2: (0,9.1187e-07) with coverage: 0.974012
	Number of samples: 24126244
	Variance: 4.55935e-07
	Standard deviation: 0.000675229
	Maximum sample: 1
	Minimum sample: 0

