Semilla: 25
Tolerancia relativa: 0.002

Trafico/s promediado/s en a:
Probabilidad de bloqueo estimada: 0.0205661
	Confidence interval 1: (0.0195434,0.0215887) with coverage: 0.95
	Confidence interval 2: (0.0186072,0.0225249) with coverage: 0.999776
	Number of samples: 282115
	Variance: 0.0201432
	Standard deviation: 0.141927
	Maximum sample: 1
	Minimum sample: 0

Trafico/s promediado/s en b:
Probabilidad de bloqueo estimada: 0.000328294
	Confidence interval 1: (0.000262326,0.000394262) with coverage: 0.95
	Confidence interval 2: (-0.00167105,0.00232764) with coverage: 0.999998
	Number of samples: 563519
	Variance: 0.000328187
	Standard deviation: 0.0181159
	Maximum sample: 1
	Minimum sample: 0

Trafico/s promediado/s en c:
Probabilidad de bloqueo estimada: 0.00068794
	Confidence interval 1: (0.000546012,0.000829868) with coverage: 0.95
	Confidence interval 2: (-0.00131068,0.00268656) with coverage: 0.999998
	Number of samples: 423002
	Variance: 0.000687468
	Standard deviation: 0.0262196
	Maximum sample: 1
	Minimum sample: 0

Trafico/s promediado/s en d:
Probabilidad de bloqueo estimada: 0.0205943
	Confidence interval 1: (0.0196737,0.0215149) with coverage: 0.95
	Confidence interval 2: (0.0186355,0.0225532) with coverage: 0.999905
	Number of samples: 281825
	Variance: 0.0201703
	Standard deviation: 0.142022
	Maximum sample: 1
	Minimum sample: 0

Trafico/s promediado/s en e:
Probabilidad de bloqueo estimada: 0.0404527
	Confidence interval 1: (0.0387154,0.0421899) with coverage: 0.95
	Confidence interval 2: (0.0385336,0.0423718) with coverage: 0.968328
	Number of samples: 282157
	Variance: 0.0388164
	Standard deviation: 0.197019
	Maximum sample: 1
	Minimum sample: 0

