Semilla: 25
Tolerancia relativa: 0.002

Trafico/s promediado/s en a:
Probabilidad de bloqueo estimada: 0.206426
	Confidence interval 1: (0.205456,0.207396) with coverage: 0.95
	Confidence interval 2: (0.204839,0.208013) with coverage: 0.999972
	Number of samples: 1720843
	Variance: 0.163814
	Standard deviation: 0.40474
	Maximum sample: 1
	Minimum sample: 0

Trafico/s promediado/s en b:
Probabilidad de bloqueo estimada: 0.0712343
	Confidence interval 1: (0.0706551,0.0718134) with coverage: 0.95
	Confidence interval 2: (0.0693767,0.0730918) with coverage: 0.999998
	Number of samples: 3442150
	Variance: 0.06616
	Standard deviation: 0.257216
	Maximum sample: 1
	Minimum sample: 0

Trafico/s promediado/s en c:
Probabilidad de bloqueo estimada: 0.136121
	Confidence interval 1: (0.135254,0.136988) with coverage: 0.95
	Confidence interval 2: (0.134393,0.137849) with coverage: 0.999941
	Number of samples: 2582072
	Variance: 0.117592
	Standard deviation: 0.342917
	Maximum sample: 1
	Minimum sample: 0

Trafico/s promediado/s en d:
Probabilidad de bloqueo estimada: 0.262256
	Confidence interval 1: (0.261432,0.263079) with coverage: 0.95
	Confidence interval 2: (0.26078,0.263731) with coverage: 0.999368
	Number of samples: 1721237
	Variance: 0.193478
	Standard deviation: 0.439861
	Maximum sample: 1
	Minimum sample: 0

Trafico/s promediado/s en e:
Probabilidad de bloqueo estimada: 0.36865
	Confidence interval 1: (0.367493,0.369807) with coverage: 0.95
	Confidence interval 2: (0.367387,0.369913) with coverage: 0.966758
	Number of samples: 1720320
	Variance: 0.232747
	Standard deviation: 0.482439
	Maximum sample: 1
	Minimum sample: 0

