Semilla: 25
Tolerancia relativa: 0.002

Trafico/s promediado/s en a:
Probabilidad de bloqueo estimada: 0.249459
	Confidence interval 1: (0.248441,0.250476) with coverage: 0.95
	Confidence interval 2: (0.247958,0.25096) with coverage: 0.997
	Number of samples: 2072896
	Variance: 0.187229
	Standard deviation: 0.4327
	Maximum sample: 1
	Minimum sample: 0

Trafico/s promediado/s en b:
Probabilidad de bloqueo estimada: 0.109598
	Confidence interval 1: (0.109022,0.110175) with coverage: 0.95
	Confidence interval 2: (0.107817,0.111379) with coverage: 0.999998
	Number of samples: 4144554
	Variance: 0.0975863
	Standard deviation: 0.312388
	Maximum sample: 1
	Minimum sample: 0

Trafico/s promediado/s en c:
Probabilidad de bloqueo estimada: 0.204953
	Confidence interval 1: (0.204087,0.205819) with coverage: 0.95
	Confidence interval 2: (0.203363,0.206543) with coverage: 0.999559
	Number of samples: 3109673
	Variance: 0.162947
	Standard deviation: 0.403667
	Maximum sample: 1
	Minimum sample: 0

Trafico/s promediado/s en d:
Probabilidad de bloqueo estimada: 0.330927
	Confidence interval 1: (0.330073,0.331781) with coverage: 0.95
	Confidence interval 2: (0.329589,0.332265) with coverage: 0.998869
	Number of samples: 2072157
	Variance: 0.221414
	Standard deviation: 0.470547
	Maximum sample: 1
	Minimum sample: 0

Trafico/s promediado/s en e:
Probabilidad de bloqueo estimada: 0.435127
	Confidence interval 1: (0.43405,0.436203) with coverage: 0.95
	Confidence interval 2: (0.433997,0.436256) with coverage: 0.959739
	Number of samples: 2073160
	Variance: 0.245792
	Standard deviation: 0.495774
	Maximum sample: 1
	Minimum sample: 0

