Semilla: 25
Tolerancia relativa: 0.002

Trafico/s promediado/s en a:
Probabilidad de bloqueo estimada: 0.262299
	Confidence interval 1: (0.261514,0.263084) with coverage: 0.95
	Confidence interval 2: (0.260823,0.263774) with coverage: 0.999694
	Number of samples: 1804907
	Variance: 0.193498
	Standard deviation: 0.439884
	Maximum sample: 1
	Minimum sample: 0

Trafico/s promediado/s en b:
Probabilidad de bloqueo estimada: 0.122745
	Confidence interval 1: (0.122167,0.123323) with coverage: 0.95
	Confidence interval 2: (0.12099,0.124499) with coverage: 0.999998
	Number of samples: 3608505
	Variance: 0.107678
	Standard deviation: 0.328144
	Maximum sample: 1
	Minimum sample: 0

Trafico/s promediado/s en c:
Probabilidad de bloqueo estimada: 0.227712
	Confidence interval 1: (0.226889,0.228534) with coverage: 0.95
	Confidence interval 2: (0.226167,0.229256) with coverage: 0.999695
	Number of samples: 2708177
	Variance: 0.175859
	Standard deviation: 0.419356
	Maximum sample: 1
	Minimum sample: 0

Trafico/s promediado/s en d:
Probabilidad de bloqueo estimada: 0.351874
	Confidence interval 1: (0.351144,0.352604) with coverage: 0.95
	Confidence interval 2: (0.350578,0.35317) with coverage: 0.99929
	Number of samples: 1804046
	Variance: 0.228059
	Standard deviation: 0.477555
	Maximum sample: 1
	Minimum sample: 0

Trafico/s promediado/s en e:
Probabilidad de bloqueo estimada: 0.453408
	Confidence interval 1: (0.452334,0.454482) with coverage: 0.95
	Confidence interval 2: (0.452315,0.454501) with coverage: 0.953576
	Number of samples: 1804245
	Variance: 0.247829
	Standard deviation: 0.497825
	Maximum sample: 1
	Minimum sample: 0

