Semilla: 25
Tolerancia relativa: 0.002

Trafico/s promediado/s en a:
Probabilidad de bloqueo estimada: 0.139511
	Confidence interval 1: (0.138521,0.140501) with coverage: 0.95
	Confidence interval 2: (0.13779,0.141232) with coverage: 0.999061
	Number of samples: 1149106
	Variance: 0.120048
	Standard deviation: 0.346479
	Maximum sample: 1
	Minimum sample: 0

Trafico/s promediado/s en b:
Probabilidad de bloqueo estimada: 0.027144
	Confidence interval 1: (0.0267069,0.027581) with coverage: 0.95
	Confidence interval 2: (0.0251982,0.0290897) with coverage: 0.999998
	Number of samples: 2299002
	Variance: 0.0264072
	Standard deviation: 0.162503
	Maximum sample: 1
	Minimum sample: 0

Trafico/s promediado/s en c:
Probabilidad de bloqueo estimada: 0.0528855
	Confidence interval 1: (0.052171,0.0536001) with coverage: 0.95
	Confidence interval 2: (0.0509913,0.0547798) with coverage: 0.999998
	Number of samples: 1725160
	Variance: 0.0500887
	Standard deviation: 0.223805
	Maximum sample: 1
	Minimum sample: 0

Trafico/s promediado/s en d:
Probabilidad de bloqueo estimada: 0.162835
	Confidence interval 1: (0.16192,0.163751) with coverage: 0.95
	Confidence interval 2: (0.161161,0.16451) with coverage: 0.999529
	Number of samples: 1149106
	Variance: 0.13632
	Standard deviation: 0.369215
	Maximum sample: 1
	Minimum sample: 0

Trafico/s promediado/s en e:
Probabilidad de bloqueo estimada: 0.259369
	Confidence interval 1: (0.258252,0.260486) with coverage: 0.95
	Confidence interval 2: (0.257888,0.26085) with coverage: 0.989295
	Number of samples: 1146880
	Variance: 0.192097
	Standard deviation: 0.438289
	Maximum sample: 1
	Minimum sample: 0

