Semilla: 25
Tolerancia relativa: 0.002

Trafico/s promediado/s en a:
Probabilidad de bloqueo estimada: 0
	Confidence interval 1: (0,0) with coverage: 0.95
	Confidence interval 2: (-nan,-nan) with coverage: 1
	Number of samples: 91657
	Variance: 0
	Standard deviation: 0
	Maximum sample: 0
	Minimum sample: 0

Trafico/s promediado/s en b:
Probabilidad de bloqueo estimada: 0
	Confidence interval 1: (0,0) with coverage: 0.95
	Confidence interval 2: (-nan,-nan) with coverage: 1
	Number of samples: 92561
	Variance: 0
	Standard deviation: 0
	Maximum sample: 0
	Minimum sample: 0

Trafico/s promediado/s en c:
Probabilidad de bloqueo estimada: 0.00613325
	Confidence interval 1: (0.00488353,0.00738296) with coverage: 0.95
	Confidence interval 2: (0.00414551,0.00812098) with coverage: 0.999191
	Number of samples: 46305
	Variance: 0.00609576
	Standard deviation: 0.0780754
	Maximum sample: 1
	Minimum sample: 0

Trafico/s promediado/s en d:
Probabilidad de bloqueo estimada: 0
	Confidence interval 1: (0,0) with coverage: 0.95
	Confidence interval 2: (-nan,-nan) with coverage: 1
	Number of samples: 45987
	Variance: 0
	Standard deviation: 0
	Maximum sample: 0
	Minimum sample: 0

Trafico/s promediado/s en e:
Probabilidad de bloqueo estimada: 0
	Confidence interval 1: (0,0) with coverage: 0.95
	Confidence interval 2: (-nan,-nan) with coverage: 1
	Number of samples: 46275
	Variance: 0
	Standard deviation: 0
	Maximum sample: 0
	Minimum sample: 0

Trafico/s promediado/s en f:
Probabilidad de bloqueo estimada: 0
	Confidence interval 1: (0,0) with coverage: 0.95
	Confidence interval 2: (-nan,-nan) with coverage: 1
	Number of samples: 46298
	Variance: 0
	Standard deviation: 0
	Maximum sample: 0
	Minimum sample: 0

Trafico/s promediado/s en g:
Probabilidad de bloqueo estimada: 0.0108507
	Confidence interval 1: (0.00910461,0.0125968) with coverage: 0.95
	Confidence interval 2: (0.0088724,0.012829) with coverage: 0.972362
	Number of samples: 23040
	Variance: 0.0107334
	Standard deviation: 0.103602
	Maximum sample: 1
	Minimum sample: 0

Trafico/s promediado/s en h:
Probabilidad de bloqueo estimada: 0
	Confidence interval 1: (0,0) with coverage: 0.95
	Confidence interval 2: (-nan,-nan) with coverage: 1
	Number of samples: 22975
	Variance: 0
	Standard deviation: 0
	Maximum sample: 0
	Minimum sample: 0

Trafico/s promediado/s en i:
Probabilidad de bloqueo estimada: 0.00570847
	Confidence interval 1: (0.00488859,0.00652834) with coverage: 0.95
	Confidence interval 2: (0.00371988,0.00769705) with coverage: 0.999983
	Number of samples: 92319
	Variance: 0.00567594
	Standard deviation: 0.0753388
	Maximum sample: 1
	Minimum sample: 0

Trafico/s promediado/s en j:
Probabilidad de bloqueo estimada: 0.00559619
	Confidence interval 1: (0.00472832,0.00646406) with coverage: 0.95
	Confidence interval 2: (0.00360738,0.007585) with coverage: 0.999977
	Number of samples: 92563
	Variance: 0.00556493
	Standard deviation: 0.0745985
	Maximum sample: 1
	Minimum sample: 0

