Semilla: 25
Tolerancia relativa: 0.002

Trafico/s promediado/s en a:
Probabilidad de bloqueo estimada: 0.00493694
	Confidence interval 1: (0.00483848,0.0050354) with coverage: 0.95
	Confidence interval 2: (0.00294681,0.00692706) with coverage: 0.999998
	Number of samples: 5902446
	Variance: 0.00491256
	Standard deviation: 0.0700897
	Maximum sample: 1
	Minimum sample: 0

Trafico/s promediado/s en b:
Probabilidad de bloqueo estimada: 3.40372e-05
	Confidence interval 1: (2.59573e-05,4.2117e-05) with coverage: 0.95
	Confidence interval 2: (-0.00196589,0.00203397) with coverage: 0.999998
	Number of samples: 5905307
	Variance: 3.4036e-05
	Standard deviation: 0.00583404
	Maximum sample: 1
	Minimum sample: 0

Trafico/s promediado/s en c:
Probabilidad de bloqueo estimada: 0.365893
	Confidence interval 1: (0.365159,0.366627) with coverage: 0.95
	Confidence interval 2: (0.364625,0.367161) with coverage: 0.999003
	Number of samples: 2951347
	Variance: 0.232015
	Standard deviation: 0.48168
	Maximum sample: 1
	Minimum sample: 0

Trafico/s promediado/s en d:
Probabilidad de bloqueo estimada: 0.0478524
	Confidence interval 1: (0.0473935,0.0483113) with coverage: 0.95
	Confidence interval 2: (0.0459481,0.0497567) with coverage: 0.999998
	Number of samples: 2950219
	Variance: 0.0455625
	Standard deviation: 0.213454
	Maximum sample: 1
	Minimum sample: 0

Trafico/s promediado/s en e:
Probabilidad de bloqueo estimada: 7.18508e-05
	Confidence interval 1: (5.22931e-05,9.14084e-05) with coverage: 0.95
	Confidence interval 2: (-0.00192801,0.00207171) with coverage: 0.999998
	Number of samples: 2950560
	Variance: 7.18456e-05
	Standard deviation: 0.00847618
	Maximum sample: 1
	Minimum sample: 0

Trafico/s promediado/s en f:
Probabilidad de bloqueo estimada: 0.00973276
	Confidence interval 1: (0.009531,0.00993452) with coverage: 0.95
	Confidence interval 2: (0.00775222,0.0117133) with coverage: 0.999998
	Number of samples: 2951784
	Variance: 0.00963803
	Standard deviation: 0.0981735
	Maximum sample: 1
	Minimum sample: 0

Trafico/s promediado/s en g:
Probabilidad de bloqueo estimada: 0.597528
	Confidence interval 1: (0.596729,0.598327) with coverage: 0.95
	Confidence interval 2: (0.596723,0.598333) with coverage: 0.951537
	Number of samples: 1474560
	Variance: 0.240488
	Standard deviation: 0.490396
	Maximum sample: 1
	Minimum sample: 0

Trafico/s promediado/s en h:
Probabilidad de bloqueo estimada: 0.0925745
	Confidence interval 1: (0.0916712,0.0934778) with coverage: 0.95
	Confidence interval 2: (0.0907597,0.0943894) with coverage: 0.999964
	Number of samples: 1476130
	Variance: 0.0840045
	Standard deviation: 0.289835
	Maximum sample: 1
	Minimum sample: 0

Trafico/s promediado/s en i:
Probabilidad de bloqueo estimada: 0.368567
	Confidence interval 1: (0.367818,0.369316) with coverage: 0.95
	Confidence interval 2: (0.367304,0.36983) with coverage: 0.998668
	Number of samples: 5897483
	Variance: 0.232725
	Standard deviation: 0.482416
	Maximum sample: 1
	Minimum sample: 0

Trafico/s promediado/s en j:
Probabilidad de bloqueo estimada: 0.395884
	Confidence interval 1: (0.395226,0.396543) with coverage: 0.95
	Confidence interval 2: (0.394676,0.397093) with coverage: 0.999555
	Number of samples: 5903318
	Variance: 0.23916
	Standard deviation: 0.48904
	Maximum sample: 1
	Minimum sample: 0

