Semilla: 25
Tolerancia relativa: 0.002

Trafico/s promediado/s en a:
Probabilidad de bloqueo estimada: 1.35201e-05
	Confidence interval 1: (6.90548e-06,2.01346e-05) with coverage: 0.95
	Confidence interval 2: (-0.00198645,0.00201349) with coverage: 0.999998
	Number of samples: 1775141
	Variance: 1.35199e-05
	Standard deviation: 0.00367694
	Maximum sample: 1
	Minimum sample: 0

Trafico/s promediado/s en b:
Probabilidad de bloqueo estimada: 0
	Confidence interval 1: (0,0) with coverage: 0.95
	Confidence interval 2: (-nan,-nan) with coverage: 1
	Number of samples: 1776620
	Variance: 0
	Standard deviation: 0
	Maximum sample: 0
	Minimum sample: 0

Trafico/s promediado/s en c:
Probabilidad de bloqueo estimada: 0.170923
	Confidence interval 1: (0.16965,0.172196) with coverage: 0.95
	Confidence interval 2: (0.169265,0.172581) with coverage: 0.987888
	Number of samples: 887136
	Variance: 0.141709
	Standard deviation: 0.376442
	Maximum sample: 1
	Minimum sample: 0

Trafico/s promediado/s en d:
Probabilidad de bloqueo estimada: 0.00304421
	Confidence interval 1: (0.0028733,0.00321511) with coverage: 0.95
	Confidence interval 2: (0.00105029,0.00503812) with coverage: 0.999998
	Number of samples: 888902
	Variance: 0.00303494
	Standard deviation: 0.0550903
	Maximum sample: 1
	Minimum sample: 0

Trafico/s promediado/s en e:
Probabilidad de bloqueo estimada: 0
	Confidence interval 1: (0,0) with coverage: 0.95
	Confidence interval 2: (-nan,-nan) with coverage: 1
	Number of samples: 887491
	Variance: 0
	Standard deviation: 0
	Maximum sample: 0
	Minimum sample: 0

Trafico/s promediado/s en f:
Probabilidad de bloqueo estimada: 2.5902e-05
	Confidence interval 1: (6.544e-06,4.526e-05) with coverage: 0.95
	Confidence interval 2: (-0.00197405,0.00202585) with coverage: 0.999998
	Number of samples: 887963
	Variance: 2.59013e-05
	Standard deviation: 0.00508934
	Maximum sample: 1
	Minimum sample: 0

Trafico/s promediado/s en g:
Probabilidad de bloqueo estimada: 0.311893
	Confidence interval 1: (0.310627,0.313159) with coverage: 0.95
	Confidence interval 2: (0.310517,0.313269) with coverage: 0.965871
	Number of samples: 442982
	Variance: 0.214616
	Standard deviation: 0.463267
	Maximum sample: 1
	Minimum sample: 0

Trafico/s promediado/s en h:
Probabilidad de bloqueo estimada: 0.00619794
	Confidence interval 1: (0.00583003,0.00656585) with coverage: 0.95
	Confidence interval 2: (0.00421033,0.00818554) with coverage: 0.999998
	Number of samples: 443696
	Variance: 0.00615954
	Standard deviation: 0.0784827
	Maximum sample: 1
	Minimum sample: 0

Trafico/s promediado/s en i:
Probabilidad de bloqueo estimada: 0.170939
	Confidence interval 1: (0.170073,0.171805) with coverage: 0.95
	Confidence interval 2: (0.169281,0.172597) with coverage: 0.999799
	Number of samples: 1774114
	Variance: 0.141719
	Standard deviation: 0.376456
	Maximum sample: 1
	Minimum sample: 0

Trafico/s promediado/s en j:
Probabilidad de bloqueo estimada: 0.173961
	Confidence interval 1: (0.173012,0.174911) with coverage: 0.95
	Confidence interval 2: (0.172309,0.175614) with coverage: 0.999069
	Number of samples: 1775853
	Variance: 0.143699
	Standard deviation: 0.379076
	Maximum sample: 1
	Minimum sample: 0

