Semilla: 25
Tolerancia relativa: 0.002

Trafico/s promediado/s en a:
Probabilidad de bloqueo estimada: 0.00289234
	Confidence interval 1: (0.00282359,0.0029611) with coverage: 0.95
	Confidence interval 2: (0.000898129,0.00488656) with coverage: 0.999998
	Number of samples: 6894406
	Variance: 0.00288398
	Standard deviation: 0.0537027
	Maximum sample: 1
	Minimum sample: 0

Trafico/s promediado/s en b:
Probabilidad de bloqueo estimada: 1.46458e-05
	Confidence interval 1: (9.92726e-06,1.93644e-05) with coverage: 0.95
	Confidence interval 2: (-0.00198532,0.00201462) with coverage: 0.999998
	Number of samples: 6896164
	Variance: 1.46456e-05
	Standard deviation: 0.00382696
	Maximum sample: 1
	Minimum sample: 0

Trafico/s promediado/s en c:
Probabilidad de bloqueo estimada: 0.344388
	Confidence interval 1: (0.343851,0.344924) with coverage: 0.95
	Confidence interval 2: (0.343076,0.345699) with coverage: 0.999987
	Number of samples: 3446231
	Variance: 0.225785
	Standard deviation: 0.475168
	Maximum sample: 1
	Minimum sample: 0

Trafico/s promediado/s en d:
Probabilidad de bloqueo estimada: 0.0379108
	Confidence interval 1: (0.0375066,0.038315) with coverage: 0.95
	Confidence interval 2: (0.0359866,0.039835) with coverage: 0.999998
	Number of samples: 3444558
	Variance: 0.0364736
	Standard deviation: 0.190981
	Maximum sample: 1
	Minimum sample: 0

Trafico/s promediado/s en e:
Probabilidad de bloqueo estimada: 2.81629e-05
	Confidence interval 1: (1.91556e-05,3.71703e-05) with coverage: 0.95
	Confidence interval 2: (-0.00197178,0.00202811) with coverage: 0.999998
	Number of samples: 3444243
	Variance: 2.81622e-05
	Standard deviation: 0.0053068
	Maximum sample: 1
	Minimum sample: 0

Trafico/s promediado/s en f:
Probabilidad de bloqueo estimada: 0.00583019
	Confidence interval 1: (0.00568991,0.00597048) with coverage: 0.95
	Confidence interval 2: (0.00384185,0.00781853) with coverage: 0.999998
	Number of samples: 3448428
	Variance: 0.0057962
	Standard deviation: 0.0761328
	Maximum sample: 1
	Minimum sample: 0

Trafico/s promediado/s en g:
Probabilidad de bloqueo estimada: 0.56974
	Confidence interval 1: (0.569194,0.570286) with coverage: 0.95
	Confidence interval 2: (0.568879,0.5706) with coverage: 0.999019
	Number of samples: 1720320
	Variance: 0.245136
	Standard deviation: 0.495113
	Maximum sample: 1
	Minimum sample: 0

Trafico/s promediado/s en h:
Probabilidad de bloqueo estimada: 0.0736133
	Confidence interval 1: (0.0728862,0.0743404) with coverage: 0.95
	Confidence interval 2: (0.0717605,0.0754661) with coverage: 0.999994
	Number of samples: 1723995
	Variance: 0.0681944
	Standard deviation: 0.261141
	Maximum sample: 1
	Minimum sample: 0

Trafico/s promediado/s en i:
Probabilidad de bloqueo estimada: 0.346431
	Confidence interval 1: (0.345796,0.347066) with coverage: 0.95
	Confidence interval 2: (0.345124,0.347738) with coverage: 0.999852
	Number of samples: 6890978
	Variance: 0.226417
	Standard deviation: 0.475832
	Maximum sample: 1
	Minimum sample: 0

Trafico/s promediado/s en j:
Probabilidad de bloqueo estimada: 0.368869
	Confidence interval 1: (0.368203,0.369534) with coverage: 0.95
	Confidence interval 2: (0.367606,0.370131) with coverage: 0.999744
	Number of samples: 6895430
	Variance: 0.232805
	Standard deviation: 0.482498
	Maximum sample: 1
	Minimum sample: 0

