Semilla: 25
Tolerancia relativa: 0.002

Trafico/s promediado/s en a:
Probabilidad de bloqueo estimada: 0.125815
	Confidence interval 1: (0.125402,0.126229) with coverage: 0.95
	Confidence interval 2: (0.124067,0.127563) with coverage: 0.999998
	Number of samples: 15198578
	Variance: 0.109986
	Standard deviation: 0.331641
	Maximum sample: 1
	Minimum sample: 0

Trafico/s promediado/s en b:
Probabilidad de bloqueo estimada: 0.0400202
	Confidence interval 1: (0.0397864,0.0402539) with coverage: 0.95
	Confidence interval 2: (0.0381002,0.0419401) with coverage: 0.999998
	Number of samples: 15201704
	Variance: 0.0384186
	Standard deviation: 0.196007
	Maximum sample: 1
	Minimum sample: 0

Trafico/s promediado/s en c:
Probabilidad de bloqueo estimada: 0.537185
	Confidence interval 1: (0.536777,0.537593) with coverage: 0.95
	Confidence interval 2: (0.536259,0.538111) with coverage: 0.999973
	Number of samples: 7602339
	Variance: 0.248617
	Standard deviation: 0.498615
	Maximum sample: 1
	Minimum sample: 0

Trafico/s promediado/s en d:
Probabilidad de bloqueo estimada: 0.218269
	Confidence interval 1: (0.217716,0.218822) with coverage: 0.95
	Confidence interval 2: (0.216706,0.219833) with coverage: 0.999998
	Number of samples: 7600085
	Variance: 0.170628
	Standard deviation: 0.413071
	Maximum sample: 1
	Minimum sample: 0

Trafico/s promediado/s en e:
Probabilidad de bloqueo estimada: 0.0767963
	Confidence interval 1: (0.0763692,0.0772235) with coverage: 0.95
	Confidence interval 2: (0.0749499,0.0786428) with coverage: 0.999998
	Number of samples: 7599567
	Variance: 0.0708987
	Standard deviation: 0.266268
	Maximum sample: 1
	Minimum sample: 0

Trafico/s promediado/s en f:
Probabilidad de bloqueo estimada: 0.232781
	Confidence interval 1: (0.23212,0.233443) with coverage: 0.95
	Confidence interval 2: (0.231247,0.234316) with coverage: 0.999986
	Number of samples: 7602223
	Variance: 0.178594
	Standard deviation: 0.422604
	Maximum sample: 1
	Minimum sample: 0

Trafico/s promediado/s en g:
Probabilidad de bloqueo estimada: 0.785445
	Confidence interval 1: (0.785021,0.785869) with coverage: 0.95
	Confidence interval 2: (0.785016,0.785874) with coverage: 0.952472
	Number of samples: 3800916
	Variance: 0.168521
	Standard deviation: 0.410513
	Maximum sample: 1
	Minimum sample: 0

Trafico/s promediado/s en h:
Probabilidad de bloqueo estimada: 0.38638
	Confidence interval 1: (0.385556,0.387204) with coverage: 0.95
	Confidence interval 2: (0.385153,0.387607) with coverage: 0.997409
	Number of samples: 3801461
	Variance: 0.237091
	Standard deviation: 0.486919
	Maximum sample: 1
	Minimum sample: 0

Trafico/s promediado/s en i:
Probabilidad de bloqueo estimada: 0.594454
	Confidence interval 1: (0.594129,0.594779) with coverage: 0.95
	Confidence interval 2: (0.593643,0.595265) with coverage: 0.999991
	Number of samples: 15204305
	Variance: 0.241078
	Standard deviation: 0.490997
	Maximum sample: 1
	Minimum sample: 0

Trafico/s promediado/s en j:
Probabilidad de bloqueo estimada: 0.637372
	Confidence interval 1: (0.637035,0.63771) with coverage: 0.95
	Confidence interval 2: (0.636647,0.638098) with coverage: 0.999923
	Number of samples: 15194080
	Variance: 0.231129
	Standard deviation: 0.480759
	Maximum sample: 1
	Minimum sample: 0

