Semilla: 25
Tolerancia relativa: 0.002

Trafico/s promediado/s en a:
Probabilidad de bloqueo estimada: 0
	Confidence interval 1: (0,0) with coverage: 0.95
	Confidence interval 2: (-nan,-nan) with coverage: 1
	Number of samples: 288393
	Variance: 0
	Standard deviation: 0
	Maximum sample: 0
	Minimum sample: 0

Trafico/s promediado/s en b:
Probabilidad de bloqueo estimada: 0
	Confidence interval 1: (0,0) with coverage: 0.95
	Confidence interval 2: (-nan,-nan) with coverage: 1
	Number of samples: 289136
	Variance: 0
	Standard deviation: 0
	Maximum sample: 0
	Minimum sample: 0

Trafico/s promediado/s en c:
Probabilidad de bloqueo estimada: 0.0162196
	Confidence interval 1: (0.0152542,0.0171851) with coverage: 0.95
	Confidence interval 2: (0.0142521,0.0181872) with coverage: 0.999825
	Number of samples: 144208
	Variance: 0.0159567
	Standard deviation: 0.12632
	Maximum sample: 1
	Minimum sample: 0

Trafico/s promediado/s en d:
Probabilidad de bloqueo estimada: 0
	Confidence interval 1: (0,0) with coverage: 0.95
	Confidence interval 2: (-nan,-nan) with coverage: 1
	Number of samples: 144855
	Variance: 0
	Standard deviation: 0
	Maximum sample: 0
	Minimum sample: 0

Trafico/s promediado/s en e:
Probabilidad de bloqueo estimada: 0
	Confidence interval 1: (0,0) with coverage: 0.95
	Confidence interval 2: (-nan,-nan) with coverage: 1
	Number of samples: 143888
	Variance: 0
	Standard deviation: 0
	Maximum sample: 0
	Minimum sample: 0

Trafico/s promediado/s en f:
Probabilidad de bloqueo estimada: 0
	Confidence interval 1: (0,0) with coverage: 0.95
	Confidence interval 2: (-nan,-nan) with coverage: 1
	Number of samples: 144515
	Variance: 0
	Standard deviation: 0
	Maximum sample: 0
	Minimum sample: 0

Trafico/s promediado/s en g:
Probabilidad de bloqueo estimada: 0.03351
	Confidence interval 1: (0.0316646,0.0353555) with coverage: 0.95
	Confidence interval 2: (0.0315771,0.035443) with coverage: 0.959403
	Number of samples: 71680
	Variance: 0.0323876
	Standard deviation: 0.179965
	Maximum sample: 1
	Minimum sample: 0

Trafico/s promediado/s en h:
Probabilidad de bloqueo estimada: 0
	Confidence interval 1: (0,0) with coverage: 0.95
	Confidence interval 2: (-nan,-nan) with coverage: 1
	Number of samples: 72236
	Variance: 0
	Standard deviation: 0
	Maximum sample: 0
	Minimum sample: 0

Trafico/s promediado/s en i:
Probabilidad de bloqueo estimada: 0.0161247
	Confidence interval 1: (0.0153281,0.0169213) with coverage: 0.95
	Confidence interval 2: (0.0141569,0.0180924) with coverage: 0.99999
	Number of samples: 288626
	Variance: 0.0158647
	Standard deviation: 0.125955
	Maximum sample: 1
	Minimum sample: 0

Trafico/s promediado/s en j:
Probabilidad de bloqueo estimada: 0.0167625
	Confidence interval 1: (0.0159811,0.0175439) with coverage: 0.95
	Confidence interval 2: (0.014796,0.018729) with coverage: 0.999993
	Number of samples: 288501
	Variance: 0.0164816
	Standard deviation: 0.128381
	Maximum sample: 1
	Minimum sample: 0

