Semilla: 25
Tolerancia relativa: 0.0146069

Trafico/s promediado/s en a:
Probabilidad de bloqueo estimada: 0.0949175
	Confidence interval 1: (0.0942685,0.0955666) with coverage: 0.95
	Confidence interval 2: (0.0935311,0.096304) with coverage: 0.999918
	Number of samples: 4047608
	Variance: 0.0859082
	Standard deviation: 0.293101
	Maximum sample: 1
	Minimum sample: 0

Trafico/s promediado/s en b:
Probabilidad de bloqueo estimada: 0.0503197
	Confidence interval 1: (0.0496852,0.0509542) with coverage: 0.95
	Confidence interval 2: (0.0495847,0.0510547) with coverage: 0.975987
	Number of samples: 2024097
	Variance: 0.0477877
	Standard deviation: 0.218604
	Maximum sample: 1
	Minimum sample: 0

