Semilla: 25
Tolerancia relativa: 0.002

Trafico/s promediado/s en a:
Probabilidad de bloqueo estimada: 0.0214215
	Confidence interval 1: (0.0203608,0.0224823) with coverage: 0.95
	Confidence interval 2: (0.0194644,0.0233787) with coverage: 0.999585
	Number of samples: 277151
	Variance: 0.0209627
	Standard deviation: 0.144785
	Maximum sample: 1
	Minimum sample: 0

Trafico/s promediado/s en b:
Probabilidad de bloqueo estimada: 0.000361178
	Confidence interval 1: (0.00029894,0.000423415) with coverage: 0.95
	Confidence interval 2: (-0.0016381,0.00236046) with coverage: 0.999998
	Number of samples: 553744
	Variance: 0.000361048
	Standard deviation: 0.0190013
	Maximum sample: 1
	Minimum sample: 0

Trafico/s promediado/s en c:
Probabilidad de bloqueo estimada: 0.000627638
	Confidence interval 1: (0.000502617,0.000752659) with coverage: 0.95
	Confidence interval 2: (-0.00137111,0.00262638) with coverage: 0.999998
	Number of samples: 277230
	Variance: 0.000627246
	Standard deviation: 0.0250449
	Maximum sample: 1
	Minimum sample: 0

Trafico/s promediado/s en d:
Probabilidad de bloqueo estimada: 0.000785571
	Confidence interval 1: (0.000649112,0.000922031) with coverage: 0.95
	Confidence interval 2: (-0.00121286,0.002784) with coverage: 0.999998
	Number of samples: 277505
	Variance: 0.000784957
	Standard deviation: 0.0280171
	Maximum sample: 1
	Minimum sample: 0

Trafico/s promediado/s en e:
Probabilidad de bloqueo estimada: 0.0428241
	Confidence interval 1: (0.0412731,0.0443751) with coverage: 0.95
	Confidence interval 2: (0.0409097,0.0447384) with coverage: 0.983104
	Number of samples: 138240
	Variance: 0.0409905
	Standard deviation: 0.202461
	Maximum sample: 1
	Minimum sample: 0

Trafico/s promediado/s en f:
Probabilidad de bloqueo estimada: 8.65535e-05
	Confidence interval 1: (3.79409e-05,0.000135166) with coverage: 0.95
	Confidence interval 2: (-0.00191327,0.00208638) with coverage: 0.999998
	Number of samples: 277285
	Variance: 8.65464e-05
	Standard deviation: 0.00930303
	Maximum sample: 1
	Minimum sample: 0

