Semilla: 25
Tolerancia relativa: 0.002

Trafico/s promediado/s en a:
Probabilidad de bloqueo estimada: 0.353903
	Confidence interval 1: (0.353343,0.354462) with coverage: 0.95
	Confidence interval 2: (0.35261,0.355195) with coverage: 0.999984
	Number of samples: 4076407
	Variance: 0.228656
	Standard deviation: 0.478179
	Maximum sample: 1
	Minimum sample: 0

Trafico/s promediado/s en b:
Probabilidad de bloqueo estimada: 0.204236
	Confidence interval 1: (0.203799,0.204672) with coverage: 0.95
	Confidence interval 2: (0.202644,0.205827) with coverage: 0.999998
	Number of samples: 8150268
	Variance: 0.162524
	Standard deviation: 0.403142
	Maximum sample: 1
	Minimum sample: 0

Trafico/s promediado/s en c:
Probabilidad de bloqueo estimada: 0.365101
	Confidence interval 1: (0.364482,0.365721) with coverage: 0.95
	Confidence interval 2: (0.363832,0.366371) with coverage: 0.999844
	Number of samples: 4078329
	Variance: 0.231802
	Standard deviation: 0.481459
	Maximum sample: 1
	Minimum sample: 0

Trafico/s promediado/s en d:
Probabilidad de bloqueo estimada: 0.251642
	Confidence interval 1: (0.251142,0.252143) with coverage: 0.95
	Confidence interval 2: (0.250146,0.253139) with coverage: 0.999998
	Number of samples: 4075808
	Variance: 0.188319
	Standard deviation: 0.433957
	Maximum sample: 1
	Minimum sample: 0

Trafico/s promediado/s en e:
Probabilidad de bloqueo estimada: 0.582612
	Confidence interval 1: (0.581806,0.583418) with coverage: 0.95
	Confidence interval 2: (0.581777,0.583447) with coverage: 0.957144
	Number of samples: 2039580
	Variance: 0.243175
	Standard deviation: 0.493128
	Maximum sample: 1
	Minimum sample: 0

Trafico/s promediado/s en f:
Probabilidad de bloqueo estimada: 0.227689
	Confidence interval 1: (0.227078,0.2283) with coverage: 0.95
	Confidence interval 2: (0.226145,0.229234) with coverage: 0.999993
	Number of samples: 4073801
	Variance: 0.175847
	Standard deviation: 0.419341
	Maximum sample: 1
	Minimum sample: 0

