Semilla: 25
Tolerancia relativa: 0.002

Trafico/s promediado/s en a:
Probabilidad de bloqueo estimada: 0.121255
	Confidence interval 1: (0.120558,0.121952) with coverage: 0.95
	Confidence interval 2: (0.119497,0.123012) with coverage: 0.999993
	Number of samples: 1609138
	Variance: 0.106552
	Standard deviation: 0.326423
	Maximum sample: 1
	Minimum sample: 0

Trafico/s promediado/s en b:
Probabilidad de bloqueo estimada: 0.02162
	Confidence interval 1: (0.0213683,0.0218716) with coverage: 0.95
	Confidence interval 2: (0.0196632,0.0235767) with coverage: 0.999998
	Number of samples: 3220682
	Variance: 0.0211525
	Standard deviation: 0.145439
	Maximum sample: 1
	Minimum sample: 0

Trafico/s promediado/s en c:
Probabilidad de bloqueo estimada: 0.0425162
	Confidence interval 1: (0.0418942,0.0431383) with coverage: 0.95
	Confidence interval 2: (0.0406013,0.0444312) with coverage: 0.999998
	Number of samples: 1612020
	Variance: 0.0407086
	Standard deviation: 0.201764
	Maximum sample: 1
	Minimum sample: 0

Trafico/s promediado/s en d:
Probabilidad de bloqueo estimada: 0.0255602
	Confidence interval 1: (0.0252657,0.0258548) with coverage: 0.95
	Confidence interval 2: (0.0236114,0.0275091) with coverage: 0.999998
	Number of samples: 1610000
	Variance: 0.0249069
	Standard deviation: 0.157819
	Maximum sample: 1
	Minimum sample: 0

Trafico/s promediado/s en e:
Probabilidad de bloqueo estimada: 0.225337
	Confidence interval 1: (0.223837,0.226836) with coverage: 0.95
	Confidence interval 2: (0.223787,0.226886) with coverage: 0.956237
	Number of samples: 805604
	Variance: 0.17456
	Standard deviation: 0.417804
	Maximum sample: 1
	Minimum sample: 0

Trafico/s promediado/s en f:
Probabilidad de bloqueo estimada: 0.0138731
	Confidence interval 1: (0.013622,0.0141242) with coverage: 0.95
	Confidence interval 2: (0.0119008,0.0158453) with coverage: 0.999998
	Number of samples: 1606206
	Variance: 0.0136806
	Standard deviation: 0.116964
	Maximum sample: 1
	Minimum sample: 0

