Semilla: 25
Tolerancia relativa: 0.014504

Trafico/s promediado/s en a:
Probabilidad de bloqueo estimada: 0.0654547
	Confidence interval 1: (0.0647524,0.0661571) with coverage: 0.95
	Confidence interval 2: (0.0645054,0.0664041) with coverage: 0.992777
	Number of samples: 2498200
	Variance: 0.0611704
	Standard deviation: 0.247327
	Maximum sample: 1
	Minimum sample: 0

Trafico/s promediado/s en b:
Probabilidad de bloqueo estimada: 0.0859781
	Confidence interval 1: (0.0848993,0.087057) with coverage: 0.95
	Confidence interval 2: (0.0847311,0.0872252) with coverage: 0.975728
	Number of samples: 1251353
	Variance: 0.078586
	Standard deviation: 0.280332
	Maximum sample: 1
	Minimum sample: 0

