Semilla: 25
Tolerancia relativa: 0.002

Trafico/s promediado/s en a:
Probabilidad de bloqueo estimada: 0.118926
	Confidence interval 1: (0.118697,0.119155) with coverage: 0.95
	Confidence interval 2: (0.118688,0.119164) with coverage: 0.957772
	Number of samples: 94366179
	Variance: 0.104783
	Standard deviation: 0.323702
	Maximum sample: 1
	Minimum sample: 0

Trafico/s promediado/s en b:
Probabilidad de bloqueo estimada: 0.155399
	Confidence interval 1: (0.15509,0.155708) with coverage: 0.95
	Confidence interval 2: (0.155088,0.15571) with coverage: 0.950986
	Number of samples: 47185920
	Variance: 0.13125
	Standard deviation: 0.362285
	Maximum sample: 1
	Minimum sample: 0

