Semilla: 25
Tolerancia relativa: 0.002

Trafico/s promediado/s en a:
Probabilidad de bloqueo estimada: 0.324636
	Confidence interval 1: (0.324201,0.32507) with coverage: 0.95
	Confidence interval 2: (0.323986,0.325285) with coverage: 0.997539
	Number of samples: 7865760
	Variance: 0.219247
	Standard deviation: 0.468239
	Maximum sample: 1
	Minimum sample: 0

Trafico/s promediado/s en b:
Probabilidad de bloqueo estimada: 0.419258
	Confidence interval 1: (0.418562,0.419955) with coverage: 0.95
	Confidence interval 2: (0.41842,0.420097) with coverage: 0.980389
	Number of samples: 3932160
	Variance: 0.243481
	Standard deviation: 0.493438
	Maximum sample: 1
	Minimum sample: 0

