Semilla: 25
Tolerancia relativa: 0.002

Trafico/s promediado/s en a:
Probabilidad de bloqueo estimada: 0.00445329
	Confidence interval 1: (0.00354212,0.00536446) with coverage: 0.95
	Confidence interval 2: (0.00246219,0.00644438) with coverage: 0.999946
	Number of samples: 42216
	Variance: 0.00443356
	Standard deviation: 0.066585
	Maximum sample: 1
	Minimum sample: 0

Trafico/s promediado/s en b:
Probabilidad de bloqueo estimada: 2.37549e-05
	Confidence interval 1: (-2.56396e-05,7.31495e-05) with coverage: 0.95
	Confidence interval 2: (-0.0019762,0.00202371) with coverage: 0.999998
	Number of samples: 84193
	Variance: 2.37547e-05
	Standard deviation: 0.00487388
	Maximum sample: 1
	Minimum sample: 0

Trafico/s promediado/s en c:
Probabilidad de bloqueo estimada: 0
	Confidence interval 1: (0,0) with coverage: 0.95
	Confidence interval 2: (-nan,-nan) with coverage: 1
	Number of samples: 42480
	Variance: 0
	Standard deviation: 0
	Maximum sample: 0
	Minimum sample: 0

Trafico/s promediado/s en d:
Probabilidad de bloqueo estimada: 0.000712471
	Confidence interval 1: (0.000344957,0.00107998) with coverage: 0.95
	Confidence interval 2: (-0.0012861,0.00271105) with coverage: 0.999998
	Number of samples: 42107
	Variance: 0.00071198
	Standard deviation: 0.026683
	Maximum sample: 1
	Minimum sample: 0

Trafico/s promediado/s en e:
Probabilidad de bloqueo estimada: 0.00947278
	Confidence interval 1: (0.00755934,0.0113862) with coverage: 0.95
	Confidence interval 2: (0.00749172,0.0114538) with coverage: 0.955944
	Number of samples: 20902
	Variance: 0.00938349
	Standard deviation: 0.0968684
	Maximum sample: 1
	Minimum sample: 0

Trafico/s promediado/s en f:
Probabilidad de bloqueo estimada: 0
	Confidence interval 1: (0,0) with coverage: 0.95
	Confidence interval 2: (-nan,-nan) with coverage: 1
	Number of samples: 42347
	Variance: 0
	Standard deviation: 0
	Maximum sample: 0
	Minimum sample: 0

