Semilla: 25
Tolerancia relativa: 0.002

Trafico/s promediado/s en a:
Probabilidad de bloqueo estimada: 0.277572
	Confidence interval 1: (0.276922,0.278221) with coverage: 0.95
	Confidence interval 2: (0.276127,0.279016) with coverage: 0.99996
	Number of samples: 3438742
	Variance: 0.200526
	Standard deviation: 0.447801
	Maximum sample: 1
	Minimum sample: 0

Trafico/s promediado/s en b:
Probabilidad de bloqueo estimada: 0.141655
	Confidence interval 1: (0.141176,0.142133) with coverage: 0.95
	Confidence interval 2: (0.139938,0.143371) with coverage: 0.999998
	Number of samples: 6872849
	Variance: 0.121589
	Standard deviation: 0.348695
	Maximum sample: 1
	Minimum sample: 0

Trafico/s promediado/s en c:
Probabilidad de bloqueo estimada: 0.260035
	Confidence interval 1: (0.259213,0.260857) with coverage: 0.95
	Confidence interval 2: (0.258555,0.261515) with coverage: 0.999413
	Number of samples: 3440283
	Variance: 0.192417
	Standard deviation: 0.438653
	Maximum sample: 1
	Minimum sample: 0

Trafico/s promediado/s en d:
Probabilidad de bloqueo estimada: 0.359237
	Confidence interval 1: (0.358622,0.359852) with coverage: 0.95
	Confidence interval 2: (0.357956,0.360519) with coverage: 0.999876
	Number of samples: 3437400
	Variance: 0.230186
	Standard deviation: 0.479777
	Maximum sample: 1
	Minimum sample: 0

Trafico/s promediado/s en e:
Probabilidad de bloqueo estimada: 0.476318
	Confidence interval 1: (0.475398,0.477238) with coverage: 0.95
	Confidence interval 2: (0.475271,0.477366) with coverage: 0.973081
	Number of samples: 1720320
	Variance: 0.249439
	Standard deviation: 0.499439
	Maximum sample: 1
	Minimum sample: 0

Trafico/s promediado/s en f:
Probabilidad de bloqueo estimada: 0.335049
	Confidence interval 1: (0.334323,0.335776) with coverage: 0.95
	Confidence interval 2: (0.33372,0.336379) with coverage: 0.999542
	Number of samples: 3433195
	Variance: 0.222791
	Standard deviation: 0.472008
	Maximum sample: 1
	Minimum sample: 0

