Semilla: 25
Tolerancia relativa: 0.002

Trafico/s promediado/s en a:
Probabilidad de bloqueo estimada: 0.0691964
	Confidence interval 1: (0.0683049,0.0700879) with coverage: 0.95
	Confidence interval 2: (0.0673348,0.071058) with coverage: 0.99988
	Number of samples: 1229442
	Variance: 0.0644083
	Standard deviation: 0.253788
	Maximum sample: 1
	Minimum sample: 0

Trafico/s promediado/s en b:
Probabilidad de bloqueo estimada: 0.00520144
	Confidence interval 1: (0.0050359,0.00536699) with coverage: 0.95
	Confidence interval 2: (0.00321185,0.00719104) with coverage: 0.999998
	Number of samples: 2459894
	Variance: 0.00517439
	Standard deviation: 0.0719332
	Maximum sample: 1
	Minimum sample: 0

Trafico/s promediado/s en c:
Probabilidad de bloqueo estimada: 0.0103161
	Confidence interval 1: (0.0100142,0.010618) with coverage: 0.95
	Confidence interval 2: (0.00833676,0.0122955) with coverage: 0.999998
	Number of samples: 1230016
	Variance: 0.0102097
	Standard deviation: 0.101043
	Maximum sample: 1
	Minimum sample: 0

Trafico/s promediado/s en d:
Probabilidad de bloqueo estimada: 0.0351369
	Confidence interval 1: (0.0345058,0.0357679) with coverage: 0.95
	Confidence interval 2: (0.0332071,0.0370666) with coverage: 0.999998
	Number of samples: 1229051
	Variance: 0.0339023
	Standard deviation: 0.184126
	Maximum sample: 1
	Minimum sample: 0

Trafico/s promediado/s en e:
Probabilidad de bloqueo estimada: 0.132316
	Confidence interval 1: (0.1307,0.133932) with coverage: 0.95
	Confidence interval 2: (0.130581,0.134051) with coverage: 0.963884
	Number of samples: 614400
	Variance: 0.114809
	Standard deviation: 0.338834
	Maximum sample: 1
	Minimum sample: 0

Trafico/s promediado/s en f:
Probabilidad de bloqueo estimada: 0.0127769
	Confidence interval 1: (0.0123522,0.0132016) with coverage: 0.95
	Confidence interval 2: (0.0108024,0.0147513) with coverage: 0.999998
	Number of samples: 1228391
	Variance: 0.0126136
	Standard deviation: 0.11231
	Maximum sample: 1
	Minimum sample: 0

