Semilla: 25
Tolerancia relativa: 0.002

Trafico/s promediado/s en a:
Probabilidad de bloqueo estimada: 0.331839
	Confidence interval 1: (0.331013,0.332664) with coverage: 0.95
	Confidence interval 2: (0.330503,0.333175) with coverage: 0.999693
	Number of samples: 2756771
	Variance: 0.221722
	Standard deviation: 0.470874
	Maximum sample: 1
	Minimum sample: 0

Trafico/s promediado/s en b:
Probabilidad de bloqueo estimada: 0.199537
	Confidence interval 1: (0.198955,0.20012) with coverage: 0.95
	Confidence interval 2: (0.197936,0.201138) with coverage: 1
	Number of samples: 5506848
	Variance: 0.159722
	Standard deviation: 0.399653
	Maximum sample: 1
	Minimum sample: 0

Trafico/s promediado/s en c:
Probabilidad de bloqueo estimada: 0.355929
	Confidence interval 1: (0.355062,0.356795) with coverage: 0.95
	Confidence interval 2: (0.354641,0.357217) with coverage: 0.997328
	Number of samples: 2758460
	Variance: 0.229244
	Standard deviation: 0.478794
	Maximum sample: 1
	Minimum sample: 0

Trafico/s promediado/s en d:
Probabilidad de bloqueo estimada: 0.452803
	Confidence interval 1: (0.452063,0.453544) with coverage: 0.95
	Confidence interval 2: (0.451709,0.453897) with coverage: 0.997093
	Number of samples: 2755054
	Variance: 0.247773
	Standard deviation: 0.497768
	Maximum sample: 1
	Minimum sample: 0

Trafico/s promediado/s en e:
Probabilidad de bloqueo estimada: 0.551996
	Confidence interval 1: (0.551168,0.552824) with coverage: 0.95
	Confidence interval 2: (0.5511,0.552892) with coverage: 0.96527
	Number of samples: 1378398
	Variance: 0.247297
	Standard deviation: 0.497289
	Maximum sample: 1
	Minimum sample: 0

Trafico/s promediado/s en f:
Probabilidad de bloqueo estimada: 0.436297
	Confidence interval 1: (0.435447,0.437147) with coverage: 0.95
	Confidence interval 2: (0.43517,0.437425) with coverage: 0.989298
	Number of samples: 2751044
	Variance: 0.245942
	Standard deviation: 0.495925
	Maximum sample: 1
	Minimum sample: 0

