Semilla: 25
Tolerancia relativa: 0.00427486

Trafico/s promediado/s en a:
Probabilidad de bloqueo estimada: 0.30183
	Confidence interval 1: (0.30082,0.30284) with coverage: 0.95
	Confidence interval 2: (0.30054,0.30312) with coverage: 0.986234
	Number of samples: 3438880
	Variance: 0.210729
	Standard deviation: 0.459052
	Maximum sample: 1
	Minimum sample: 0

Trafico/s promediado/s en b:
Probabilidad de bloqueo estimada: 0.284762
	Confidence interval 1: (0.283599,0.285924) with coverage: 0.95
	Confidence interval 2: (0.283544,0.285979) with coverage: 0.959311
	Number of samples: 1720320
	Variance: 0.203673
	Standard deviation: 0.451301
	Maximum sample: 1
	Minimum sample: 0

