Semilla: 25
Tolerancia relativa: 0.00542628

Trafico/s promediado/s en a:
Probabilidad de bloqueo estimada: 0.250271
	Confidence interval 1: (0.249514,0.251027) with coverage: 0.95
	Confidence interval 2: (0.248913,0.251629) with coverage: 0.999387
	Number of samples: 5686487
	Variance: 0.187635
	Standard deviation: 0.433169
	Maximum sample: 1
	Minimum sample: 0

Trafico/s promediado/s en b:
Probabilidad de bloqueo estimada: 0.216802
	Confidence interval 1: (0.215696,0.217908) with coverage: 0.95
	Confidence interval 2: (0.215626,0.217979) with coverage: 0.962129
	Number of samples: 2843132
	Variance: 0.169799
	Standard deviation: 0.412067
	Maximum sample: 1
	Minimum sample: 0

